
=== Tue Dec  3 21:21:47 2019

Packages were changed.
Update Mode: mergeDefaultDependencies

The following packages were 追加済:
  com.unity.package-manager-ui@2.2.0
  com.unity.ext.nunit@1.0.0
  com.unity.test-framework@1.0.13
  com.unity.ide.vscode@1.1.2
  com.unity.ide.rider@1.1.0
  com.unity.ugui@1.0.0
  com.unity.modules.androidjni@1.0.0
The following packages were 更新済:
  com.unity.collab-proxy をバージョン 1.2.9 から 1.2.16 へ
  com.unity.textmeshpro をバージョン 2.0.0 から 2.0.1 へ
  com.unity.timeline をバージョン 0.0.0-builtin から 1.1.0 へ

=== Sat May 25 21:25:48 2024

Packages were changed.
Update Mode: updateDependencies

The following packages were added:
  com.unity.ide.visualstudio@2.0.18
  com.unity.ai.navigation@1.1.4
The following packages were updated:
  com.unity.ads from version 2.0.8 to 4.4.2
  com.unity.collab-proxy from version 1.2.16 to 2.0.5
  com.unity.ext.nunit from version 1.0.0 to 1.0.6
  com.unity.ide.rider from version 1.1.0 to 3.0.24
  com.unity.ide.vscode from version 1.1.2 to 1.2.5
  com.unity.test-framework from version 1.0.13 to 1.1.33
  com.unity.textmeshpro from version 2.0.1 to 3.0.6
  com.unity.timeline from version 1.1.0 to 1.7.5
The following packages were removed:
  com.unity.package-manager-ui@2.2.0

=== Sat Feb 22 21:58:02 2025

Packages were changed.
Update Mode: updateDependencies

The following packages were added:
  com.unity.modules.accessibility@1.0.0
  com.unity.multiplayer.center@1.0.0
The following packages were updated:
  com.unity.ai.navigation from version 1.1.4 to 2.0.6
  com.unity.collab-proxy from version 2.0.5 to 2.6.0
  com.unity.ext.nunit from version 1.0.6 to 2.0.5
  com.unity.ide.rider from version 3.0.24 to 3.0.31
  com.unity.ide.visualstudio from version 2.0.18 to 2.0.22
  com.unity.test-framework from version 1.1.33 to 1.4.6
  com.unity.timeline from version 1.7.5 to 1.8.7
  com.unity.ugui from version 1.0.0 to 2.0.0
The following packages were removed:
  com.unity.textmeshpro@3.0.6
